<?xml version="1.0" encoding="UTF-8"?>
<!-- Generated by org.testng.reporters.JUnitXMLReporter -->
<testsuite hostname="LAPTOP-RO90N5MR" ignored="0" name="Test" tests="4" failures="2" timestamp="17 Dec 2018 07:06:15 GMT" time="17.682" errors="0">
  <testcase name="verifyLoginSuccess" time="6.681" classname="Tests.LoginPageTests"/>
  <testcase name="verifyLoginUserName" time="0.122" classname="Tests.LoginPageTests"/>
  <testcase name="verifyInformationTab" time="0.982" classname="Tests.LoginPageTests">
    <failure type="java.lang.AssertionError" message="expected [Information] but found [     Manage My Patient (MMP) is a medical practice management solution that boosts productivity by automating the day-to-day tasks that can slow an office manager down. Central delivers much more than medical billing software. Sure, it has the tools to help generate cleaner claims and reduce denials, but our easy-to-use practice management software also streamlines your workflow to deliver seamless handoffs across departments.

    Manage My Patient (MMP) becomes your practice’s command center, delivering robust, real-time analytics through customizable reports and dashboards to ensure you know how your business is performing on the metrics that matter most.]">
      <![CDATA[java.lang.AssertionError: expected [Information] but found [     Manage My Patient (MMP) is a medical practice management solution that boosts productivity by automating the day-to-day tasks that can slow an office manager down. Central delivers much more than medical billing software. Sure, it has the tools to help generate cleaner claims and reduce denials, but our easy-to-use practice management software also streamlines your workflow to deliver seamless handoffs across departments.

    Manage My Patient (MMP) becomes your practice’s command center, delivering robust, real-time analytics through customizable reports and dashboards to ensure you know how your business is performing on the metrics that matter most.]
at Tests.LoginPageTests.verifyInformationTab(LoginPageTests.java:46)
... Removed 31 stack frames]]>
    </failure>
  </testcase> <!-- verifyInformationTab -->
  <testcase name="verifySearchSymptomsTab" time="0.837" classname="Tests.LoginPageTests">
    <failure type="java.lang.AssertionError" message="expected [Information] but found [What Symptoms are you experiencing?]">
      <![CDATA[java.lang.AssertionError: expected [Information] but found [What Symptoms are you experiencing?]
at Tests.LoginPageTests.verifySearchSymptomsTab(LoginPageTests.java:58)
... Removed 31 stack frames]]>
    </failure>
  </testcase> <!-- verifySearchSymptomsTab -->
</testsuite> <!-- Test -->
